# JRE version: OpenJDK Runtime Environment (8.0_112-b06) (build 1.8.0_112-release-b06)
# Java VM: OpenJDK 64-Bit Server VM (25.112-b06 mixed mode windows-amd64 compressed oops)
Heap:
 PSYoungGen      total 146944K, used 73889K [0x00000000f5580000, 0x00000000ffd00000, 0x0000000100000000)
  eden space 121344K, 57% used [0x00000000f5580000,0x00000000f9988428,0x00000000fcc00000)
  from space 25600K, 16% used [0x00000000fe400000,0x00000000fe820000,0x00000000ffd00000)
  to   space 24576K, 0% used [0x00000000fcc00000,0x00000000fcc00000,0x00000000fe400000)
 ParOldGen       total 203264K, used 85655K [0x00000000e0000000, 0x00000000ec680000, 0x00000000f5580000)
  object space 203264K, 42% used [0x00000000e0000000,0x00000000e53a5f08,0x00000000ec680000)
 Metaspace       used 90550K, capacity 96946K, committed 97152K, reserved 1134592K
  class space    used 11690K, capacity 12623K, committed 12672K, reserved 1048576K
GC Heap History (10 events):
Event: 1711.591 GC heap before
{Heap before GC invocations=77 (full 3):
 PSYoungGen      total 138752K, used 138386K [0x00000000f5580000, 0x0000000100000000, 0x0000000100000000)
  eden space 119296K, 100% used [0x00000000f5580000,0x00000000fca00000,0x00000000fca00000)
  from space 19456K, 98% used [0x00000000fca00000,0x00000000fdca49b0,0x00000000fdd00000)
  to   space 29184K, 0% used [0x00000000fe380000,0x00000000fe380000,0x0000000100000000)
 ParOldGen       total 203264K, used 82524K [0x00000000e0000000, 0x00000000ec680000, 0x00000000f5580000)
  object space 203264K, 40% used [0x00000000e0000000,0x00000000e5097018,0x00000000ec680000)
 Metaspace       used 90101K, capacity 96094K, committed 96256K, reserved 1132544K
  class space    used 11625K, capacity 12511K, committed 12544K, reserved 1048576K
Event: 1711.598 GC heap after
Heap after GC invocations=77 (full 3):
 PSYoungGen      total 145920K, used 4894K [0x00000000f5580000, 0x0000000100000000, 0x0000000100000000)
  eden space 116736K, 0% used [0x00000000f5580000,0x00000000f5580000,0x00000000fc780000)
  from space 29184K, 16% used [0x00000000fe380000,0x00000000fe8479a8,0x0000000100000000)
  to   space 28672K, 0% used [0x00000000fc780000,0x00000000fc780000,0x00000000fe380000)
 ParOldGen       total 203264K, used 84855K [0x00000000e0000000, 0x00000000ec680000, 0x00000000f5580000)
  object space 203264K, 41% used [0x00000000e0000000,0x00000000e52ddeb8,0x00000000ec680000)
 Metaspace       used 90101K, capacity 96094K, committed 96256K, reserved 1132544K
  class space    used 11625K, capacity 12511K, committed 12544K, reserved 1048576K
}
Event: 1723.052 GC heap before
{Heap before GC invocations=78 (full 3):
 PSYoungGen      total 145920K, used 121630K [0x00000000f5580000, 0x0000000100000000, 0x0000000100000000)
  eden space 116736K, 100% used [0x00000000f5580000,0x00000000fc780000,0x00000000fc780000)
  from space 29184K, 16% used [0x00000000fe380000,0x00000000fe8479a8,0x0000000100000000)
  to   space 28672K, 0% used [0x00000000fc780000,0x00000000fc780000,0x00000000fe380000)
 ParOldGen       total 203264K, used 84855K [0x00000000e0000000, 0x00000000ec680000, 0x00000000f5580000)
  object space 203264K, 41% used [0x00000000e0000000,0x00000000e52ddeb8,0x00000000ec680000)
 Metaspace       used 90233K, capacity 96200K, committed 96256K, reserved 1132544K
  class space    used 11628K, capacity 12516K, committed 12544K, reserved 1048576K
Event: 1723.058 GC heap after
Heap after GC invocations=78 (full 3):
 PSYoungGen      total 121856K, used 4864K [0x00000000f5580000, 0x00000000ffd80000, 0x0000000100000000)
  eden space 116736K, 0% used [0x00000000f5580000,0x00000000f5580000,0x00000000fc780000)
  from space 5120K, 95% used [0x00000000fc780000,0x00000000fcc40000,0x00000000fcc80000)
  to   space 27648K, 0% used [0x00000000fe280000,0x00000000fe280000,0x00000000ffd80000)
 ParOldGen       total 203264K, used 84855K [0x00000000e0000000, 0x00000000ec680000, 0x00000000f5580000)
  object space 203264K, 41% used [0x00000000e0000000,0x00000000e52ddeb8,0x00000000ec680000)
 Metaspace       used 90233K, capacity 96200K, committed 96256K, reserved 1132544K
  class space    used 11628K, capacity 12516K, committed 12544K, reserved 1048576K
}
Event: 1723.159 GC heap before
{Heap before GC invocations=79 (full 3):
 PSYoungGen      total 121856K, used 121273K [0x00000000f5580000, 0x00000000ffd80000, 0x0000000100000000)
  eden space 116736K, 99% used [0x00000000f5580000,0x00000000fc72e4e0,0x00000000fc780000)
  from space 5120K, 95% used [0x00000000fc780000,0x00000000fcc40000,0x00000000fcc80000)
  to   space 27648K, 0% used [0x00000000fe280000,0x00000000fe280000,0x00000000ffd80000)
 ParOldGen       total 203264K, used 84855K [0x00000000e0000000, 0x00000000ec680000, 0x00000000f5580000)
  object space 203264K, 41% used [0x00000000e0000000,0x00000000e52ddeb8,0x00000000ec680000)
 Metaspace       used 90268K, capacity 96200K, committed 96256K, reserved 1132544K
  class space    used 11628K, capacity 12516K, committed 12544K, reserved 1048576K
Event: 1723.164 GC heap after
Heap after GC invocations=79 (full 3):
 PSYoungGen      total 145408K, used 5419K [0x00000000f5580000, 0x0000000100000000, 0x0000000100000000)
  eden space 117760K, 0% used [0x00000000f5580000,0x00000000f5580000,0x00000000fc880000)
  from space 27648K, 19% used [0x00000000fe280000,0x00000000fe7caf98,0x00000000ffd80000)
  to   space 26624K, 0% used [0x00000000fc880000,0x00000000fc880000,0x00000000fe280000)
 ParOldGen       total 203264K, used 84863K [0x00000000e0000000, 0x00000000ec680000, 0x00000000f5580000)
  object space 203264K, 41% used [0x00000000e0000000,0x00000000e52dfeb8,0x00000000ec680000)
 Metaspace       used 90268K, capacity 96200K, committed 96256K, reserved 1132544K
  class space    used 11628K, capacity 12516K, committed 12544K, reserved 1048576K
}
Event: 1723.184 GC heap before
{Heap before GC invocations=80 (full 3):
 PSYoungGen      total 145408K, used 122429K [0x00000000f5580000, 0x0000000100000000, 0x0000000100000000)
  eden space 117760K, 99% used [0x00000000f5580000,0x00000000fc7c4640,0x00000000fc880000)
  from space 27648K, 19% used [0x00000000fe280000,0x00000000fe7caf98,0x00000000ffd80000)
  to   space 26624K, 0% used [0x00000000fc880000,0x00000000fc880000,0x00000000fe280000)
 ParOldGen       total 203264K, used 84863K [0x00000000e0000000, 0x00000000ec680000, 0x00000000f5580000)
  object space 203264K, 41% used [0x00000000e0000000,0x00000000e52dfeb8,0x00000000ec680000)
 Metaspace       used 90268K, capacity 96200K, committed 96256K, reserved 1132544K
  class space    used 11628K, capacity 12516K, committed 12544K, reserved 1048576K
Event: 1723.189 GC heap after
Heap after GC invocations=80 (full 3):
 PSYoungGen      total 144384K, used 5355K [0x00000000f5580000, 0x00000000ffd00000, 0x0000000100000000)
  eden space 117760K, 0% used [0x00000000f5580000,0x00000000f5580000,0x00000000fc880000)
  from space 26624K, 20% used [0x00000000fc880000,0x00000000fcdbaf98,0x00000000fe280000)
  to   space 25600K, 0% used [0x00000000fe400000,0x00000000fe400000,0x00000000ffd00000)
 ParOldGen       total 203264K, used 84863K [0x00000000e0000000, 0x00000000ec680000, 0x00000000f5580000)
  object space 203264K, 41% used [0x00000000e0000000,0x00000000e52dfeb8,0x00000000ec680000)
 Metaspace       used 90268K, capacity 96200K, committed 96256K, reserved 1132544K
  class space    used 11628K, capacity 12516K, committed 12544K, reserved 1048576K
}
Event: 1723.209 GC heap before
{Heap before GC invocations=81 (full 3):
 PSYoungGen      total 144384K, used 122371K [0x00000000f5580000, 0x00000000ffd00000, 0x0000000100000000)
  eden space 117760K, 99% used [0x00000000f5580000,0x00000000fc7c5f28,0x00000000fc880000)
  from space 26624K, 20% used [0x00000000fc880000,0x00000000fcdbaf98,0x00000000fe280000)
  to   space 25600K, 0% used [0x00000000fe400000,0x00000000fe400000,0x00000000ffd00000)
 ParOldGen       total 203264K, used 84863K [0x00000000e0000000, 0x00000000ec680000, 0x00000000f5580000)
  object space 203264K, 41% used [0x00000000e0000000,0x00000000e52dfeb8,0x00000000ec680000)
 Metaspace       used 90268K, capacity 96200K, committed 96256K, reserved 1132544K
  class space    used 11628K, capacity 12516K, committed 12544K, reserved 1048576K
Event: 1723.214 GC heap after
Heap after GC invocations=81 (full 3):
 PSYoungGen      total 146944K, used 4224K [0x00000000f5580000, 0x00000000ffd00000, 0x0000000100000000)
  eden space 121344K, 0% used [0x00000000f5580000,0x00000000f5580000,0x00000000fcc00000)
  from space 25600K, 16% used [0x00000000fe400000,0x00000000fe820000,0x00000000ffd00000)
  to   space 24576K, 0% used [0x00000000fcc00000,0x00000000fcc00000,0x00000000fe400000)
 ParOldGen       total 203264K, used 85655K [0x00000000e0000000, 0x00000000ec680000, 0x00000000f5580000)
  object space 203264K, 42% used [0x00000000e0000000,0x00000000e53a5f08,0x00000000ec680000)
 Metaspace       used 90268K, capacity 96200K, committed 96256K, reserved 1132544K
  class space    used 11628K, capacity 12516K, committed 12544K, reserved 1048576K
}

